<?xml version="1.0" encoding="UTF-8"?>
<!-- Generated by org.testng.reporters.JUnitReportReporter -->
<testsuite hostname="LAPTOP-LTT7F6MN" failures="0" tests="2" name="TestNG_framework.multisuit11" time="128.536" errors="0" timestamp="2023-01-05T21:43:42 PST" skipped="0">
  <testcase classname="TestNG_framework.multisuit11" name="tc1" time="58.571"/>
  <system-out/>
  <testcase classname="TestNG_framework.multisuit11" name="tc1" time="69.965"/>
  <system-out/>
</testsuite> <!-- TestNG_framework.multisuit11 -->
