<?xml version="1.0" encoding="UTF-8"?>
<!-- Generated by org.testng.reporters.JUnitReportReporter -->
<testsuite hostname="LAPTOP-LTT7F6MN" failures="0" tests="2" name="TestNG_framework.multisuit" time="309.060" errors="0" timestamp="2023-01-06T17:15:36 PST" skipped="0">
  <testcase classname="TestNG_framework.multisuit" name="tc1" time="142.987"/>
  <system-out/>
  <testcase classname="TestNG_framework.multisuit" name="tc1" time="166.073"/>
  <system-out/>
</testsuite> <!-- TestNG_framework.multisuit -->
