<?xml version="1.0" encoding="UTF-8"?>
<!-- Generated by org.testng.reporters.JUnitReportReporter -->
<testsuite hostname="LAPTOP-LTT7F6MN" failures="0" tests="1" name="selen_hardassert_and_softassert.assert_equals" time="0.026" errors="0" timestamp="2023-01-06T16:41:39 PST" skipped="0">
  <testcase classname="selen_hardassert_and_softassert.assert_equals" name="tc1" time="0.026"/>
  <system-out>
    <![CDATA[tunning tc1]]>
  </system-out>
</testsuite> <!-- selen_hardassert_and_softassert.assert_equals -->
