<?xml version="1.0" encoding="UTF-8"?>
<!-- Generated by org.testng.reporters.JUnitReportReporter -->
<testsuite hostname="LAPTOP-LTT7F6MN" failures="0" tests="5" name="TestNG_framework.priority1" time="0.046" errors="0" timestamp="2022-12-31T22:03:07 PST" skipped="0">
  <testcase classname="TestNG_framework.priority1" name="kunal" time="0.038"/>
  <system-out>
    <![CDATA[running pooja]]>
  </system-out>
  <testcase classname="TestNG_framework.priority1" name="pranav" time="0.002"/>
  <system-out>
    <![CDATA[running pooja]]>
  </system-out>
  <testcase classname="TestNG_framework.priority1" name="akshay" time="0.003"/>
  <system-out>
    <![CDATA[running pooja]]>
  </system-out>
  <testcase classname="TestNG_framework.priority1" name="pooja" time="0.002"/>
  <system-out>
    <![CDATA[running pooja]]>
  </system-out>
  <testcase classname="TestNG_framework.priority1" name="advik" time="0.001"/>
  <system-out>
    <![CDATA[running pooja]]>
  </system-out>
</testsuite> <!-- TestNG_framework.priority1 -->
