<?xml version="1.0" encoding="UTF-8"?>
<!-- Generated by org.testng.reporters.JUnitReportReporter -->
<testsuite hostname="LAPTOP-LTT7F6MN" failures="0" tests="2" name="TestNG_framework.enable" time="0.029" errors="0" timestamp="2022-12-31T22:21:46 PST" skipped="1">
  <testcase classname="TestNG_framework.enable" name="tc1" time="0.029"/>
  <system-out>
    <![CDATA[running tc1]]>
  </system-out>
  <testcase classname="TestNG_framework.enable" name="tc2">
    <skipped/>
  </testcase> <!-- tc2 -->
  <system-out/>
</testsuite> <!-- TestNG_framework.enable -->
