<?xml version="1.0" encoding="UTF-8"?>
<!-- Generated by org.testng.reporters.JUnitReportReporter -->
<testsuite hostname="LAPTOP-LTT7F6MN" failures="0" tests="3" name="TestNG_framework.sample1" time="0.024" errors="0" timestamp="2023-01-03T14:46:02 PST" skipped="0">
  <testcase classname="TestNG_framework.sample1" name="tc1" time="0.020"/>
  <system-out>
    <![CDATA[running tc1]]>
  </system-out>
  <testcase classname="TestNG_framework.sample1" name="tc2" time="0.002"/>
  <system-out>
    <![CDATA[running tc2]]>
  </system-out>
  <testcase classname="TestNG_framework.sample1" name="tc3" time="0.002"/>
  <system-out>
    <![CDATA[running tc3]]>
  </system-out>
</testsuite> <!-- TestNG_framework.sample1 -->
