<?xml version="1.0" encoding="UTF-8"?>
<!-- Generated by org.testng.reporters.JUnitReportReporter -->
<testsuite hostname="LAPTOP-LTT7F6MN" failures="0" tests="3" name="TestNG_framework.sample2" time="0.019" errors="0" timestamp="2023-01-03T14:00:25 PST" skipped="0">
  <testcase classname="TestNG_framework.sample2" name="tc2" time="0.006"/>
  <system-out>
    <![CDATA[running tc5]]>
  </system-out>
  <testcase classname="TestNG_framework.sample2" name="tc1" time="0.010"/>
  <system-out>
    <![CDATA[running tc4]]>
  </system-out>
  <testcase classname="TestNG_framework.sample2" name="tc3" time="0.003"/>
  <system-out>
    <![CDATA[running tc6]]>
  </system-out>
</testsuite> <!-- TestNG_framework.sample2 -->
