<?xml version="1.0" encoding="UTF-8"?>
<!-- Generated by org.testng.reporters.JUnitReportReporter -->
<testsuite hostname="LAPTOP-LTT7F6MN" failures="0" tests="2" name="TestNG_framework.multibrowser2" time="75.864" errors="0" timestamp="2023-01-06T17:44:48 PST" skipped="0">
  <testcase classname="TestNG_framework.multibrowser2" name="tc1" time="35.894"/>
  <system-out/>
  <testcase classname="TestNG_framework.multibrowser2" name="tc1" time="39.970"/>
  <system-out/>
</testsuite> <!-- TestNG_framework.multibrowser2 -->
