<?xml version="1.0" encoding="UTF-8"?>
<!-- Generated by org.testng.reporters.JUnitReportReporter -->
<testsuite hostname="LAPTOP-LTT7F6MN" failures="0" tests="4" name="TestNG_framework.invo_count" time="0.025" errors="0" timestamp="2022-12-31T22:26:52 PST" skipped="0">
  <testcase classname="TestNG_framework.invo_count" name="tc1" time="0.002"/>
  <system-out>
    <![CDATA[tunning tc]]>
  </system-out>
  <testcase classname="TestNG_framework.invo_count" name="tc1" time="0.018"/>
  <system-out>
    <![CDATA[tunning tc]]>
  </system-out>
  <testcase classname="TestNG_framework.invo_count" name="tc1" time="0.003"/>
  <system-out>
    <![CDATA[tunning tc]]>
  </system-out>
  <testcase classname="TestNG_framework.invo_count" name="tc1" time="0.002"/>
  <system-out>
    <![CDATA[tunning tc]]>
  </system-out>
</testsuite> <!-- TestNG_framework.invo_count -->
