<?xml version="1.0" encoding="UTF-8"?>
<!-- Generated by org.testng.reporters.JUnitReportReporter -->
<testsuite hostname="LAPTOP-LTT7F6MN" failures="0" tests="3" name="TestNG_framework.sample3" time="0.018" errors="0" timestamp="2023-01-03T14:00:25 PST" skipped="0">
  <testcase classname="TestNG_framework.sample3" name="tc1" time="0.003"/>
  <system-out>
    <![CDATA[running tc7]]>
  </system-out>
  <testcase classname="TestNG_framework.sample3" name="tc2" time="0.005"/>
  <system-out>
    <![CDATA[running tc8]]>
  </system-out>
  <testcase classname="TestNG_framework.sample3" name="tc3" time="0.010"/>
  <system-out>
    <![CDATA[running tc9]]>
  </system-out>
</testsuite> <!-- TestNG_framework.sample3 -->
