<?xml version="1.0" encoding="UTF-8"?>
<!-- Generated by org.testng.reporters.JUnitReportReporter -->
<testsuite hostname="LAPTOP-LTT7F6MN" failures="0" tests="1" name="TestNG_framework.parallel2" time="60.645" errors="0" timestamp="2023-01-03T15:35:12 PST" skipped="0">
  <testcase classname="TestNG_framework.parallel2" name="tc2" time="60.645"/>
  <system-out>
    <![CDATA[running tc second]]>
  </system-out>
</testsuite> <!-- TestNG_framework.parallel2 -->
