<?xml version="1.0" encoding="UTF-8"?>
<!-- Generated by org.testng.reporters.JUnitReportReporter -->
<testsuite hostname="LAPTOP-LTT7F6MN" failures="0" tests="2" name="TestNG_framework.multibrowser1" time="102.636" errors="0" timestamp="2023-01-06T17:24:49 PST" skipped="0">
  <testcase classname="TestNG_framework.multibrowser1" name="tc1" time="62.811"/>
  <system-out/>
  <testcase classname="TestNG_framework.multibrowser1" name="tc1" time="39.825"/>
  <system-out/>
</testsuite> <!-- TestNG_framework.multibrowser1 -->
