<?xml version="1.0" encoding="UTF-8"?>
<!-- Generated by org.testng.reporters.JUnitReportReporter -->
<testsuite hostname="LAPTOP-LTT7F6MN" failures="0" tests="1" name="TestNG_framework.TestNG" time="0.014" errors="0" timestamp="2023-01-03T14:05:41 PST" skipped="0">
  <testcase classname="TestNG_framework.TestNG" name="verifyuserid" time="0.014"/>
  <system-out>
    <![CDATA[running user id]]>
  </system-out>
</testsuite> <!-- TestNG_framework.TestNG -->
