<?xml version="1.0" encoding="UTF-8"?>
<!-- Generated by org.testng.reporters.JUnitReportReporter -->
<testsuite hostname="LAPTOP-LTT7F6MN" failures="0" tests="2" name="TestNG_framework.dependson_method" time="0.032" errors="0" timestamp="2022-12-31T22:18:28 PST" skipped="0">
  <testcase classname="TestNG_framework.dependson_method" name="logout" time="0.003"/>
  <system-out>
    <![CDATA[running logout]]>
  </system-out>
  <testcase classname="TestNG_framework.dependson_method" name="login" time="0.029"/>
  <system-out>
    <![CDATA[running login]]>
  </system-out>
</testsuite> <!-- TestNG_framework.dependson_method -->
