<?xml version="1.0" encoding="UTF-8"?>
<!-- Generated by org.testng.reporters.JUnitReportReporter -->
<testsuite hostname="LAPTOP-LTT7F6MN" failures="0" tests="1" name="TestNG_framework.TEXT2" time="21.508" errors="0" timestamp="2023-01-14T16:00:00 PST" skipped="0">
  <testcase classname="TestNG_framework.TEXT2" name="verifyText" time="21.508"/>
  <system-out>
    <![CDATA[Running VerifyText]]>
  </system-out>
</testsuite> <!-- TestNG_framework.TEXT2 -->
